<?xml version="1.0" encoding="UTF-8"?>
<!-- Generated by org.testng.reporters.JUnitXMLReporter -->
<testsuite ignored="0" hostname="sysadm-Latitude-5480" failures="0" tests="3" name="Default test" time="31.446" errors="0" timestamp="2021-02-23T00:02:48 IST">
  <testcase classname="com.crm.qa.testcases.LoginPageTest" name="loginPageTitleTest" time="0.022"/>
  <testcase classname="com.crm.qa.testcases.LoginPageTest" name="logoImageTest" time="0.129"/>
  <testcase classname="com.crm.qa.testcases.LoginPageTest" name="loginTest" time="7.818"/>
</testsuite> <!-- Default test -->
