<?xml version="1.0" encoding="UTF-8"?>
<!-- Generated by org.testng.reporters.JUnitXMLReporter -->
<testsuite ignored="0" hostname="sysadm-Latitude-5480" failures="0" tests="3" name="Default test" time="51.798" errors="0" timestamp="2021-02-24T23:54:17 IST">
  <testcase classname="com.crm.qa.testcases.HomePageTest" name="verifyHomepageTitleTest" time="0.017"/>
  <testcase classname="com.crm.qa.testcases.HomePageTest" name="VerifyUserLabelTest" time="0.142"/>
  <testcase classname="com.crm.qa.testcases.HomePageTest" name="VerifyContactLinkTest" time="4.26"/>
</testsuite> <!-- Default test -->
