<?xml version="1.0" encoding="UTF-8"?>
<testng-results ignored="0" total="3" passed="3" failed="0" skipped="0">
  <reporter-output>
  </reporter-output>
  <suite started-at="2021-02-24T23:53:25 IST" name="Default suite" finished-at="2021-02-24T23:54:17 IST" duration-ms="51798">
    <groups>
    </groups>
    <test started-at="2021-02-24T23:53:25 IST" name="Default test" finished-at="2021-02-24T23:54:17 IST" duration-ms="51798">
      <class name="com.crm.qa.testcases.HomePageTest">
        <test-method is-config="true" signature="setup()[pri:0, instance:com.crm.qa.testcases.HomePageTest@3cc2931c]" started-at="2021-02-24T23:53:25 IST" name="setup" finished-at="2021-02-24T23:53:41 IST" duration-ms="16089" status="PASS">
          <reporter-output>
          </reporter-output>
        </test-method> <!-- setup -->
        <test-method signature="verifyHomepageTitleTest()[pri:1, instance:com.crm.qa.testcases.HomePageTest@3cc2931c]" started-at="2021-02-24T23:53:41 IST" name="verifyHomepageTitleTest" finished-at="2021-02-24T23:53:41 IST" duration-ms="17" status="PASS">
          <reporter-output>
          </reporter-output>
        </test-method> <!-- verifyHomepageTitleTest -->
        <test-method is-config="true" signature="TearDown()[pri:0, instance:com.crm.qa.testcases.HomePageTest@3cc2931c]" started-at="2021-02-24T23:53:41 IST" name="TearDown" finished-at="2021-02-24T23:53:41 IST" duration-ms="123" status="PASS">
          <reporter-output>
          </reporter-output>
        </test-method> <!-- TearDown -->
        <test-method is-config="true" signature="setup()[pri:0, instance:com.crm.qa.testcases.HomePageTest@3cc2931c]" started-at="2021-02-24T23:53:41 IST" name="setup" finished-at="2021-02-24T23:53:57 IST" duration-ms="15572" status="PASS">
          <reporter-output>
          </reporter-output>
        </test-method> <!-- setup -->
        <test-method signature="VerifyUserLabelTest()[pri:2, instance:com.crm.qa.testcases.HomePageTest@3cc2931c]" started-at="2021-02-24T23:53:57 IST" name="VerifyUserLabelTest" finished-at="2021-02-24T23:53:57 IST" duration-ms="142" status="PASS">
          <reporter-output>
          </reporter-output>
        </test-method> <!-- VerifyUserLabelTest -->
        <test-method is-config="true" signature="TearDown()[pri:0, instance:com.crm.qa.testcases.HomePageTest@3cc2931c]" started-at="2021-02-24T23:53:57 IST" name="TearDown" finished-at="2021-02-24T23:53:57 IST" duration-ms="72" status="PASS">
          <reporter-output>
          </reporter-output>
        </test-method> <!-- TearDown -->
        <test-method is-config="true" signature="setup()[pri:0, instance:com.crm.qa.testcases.HomePageTest@3cc2931c]" started-at="2021-02-24T23:53:57 IST" name="setup" finished-at="2021-02-24T23:54:12 IST" duration-ms="15257" status="PASS">
          <reporter-output>
          </reporter-output>
        </test-method> <!-- setup -->
        <test-method signature="VerifyContactLinkTest()[pri:3, instance:com.crm.qa.testcases.HomePageTest@3cc2931c]" started-at="2021-02-24T23:54:12 IST" name="VerifyContactLinkTest" finished-at="2021-02-24T23:54:17 IST" duration-ms="4260" status="PASS">
          <reporter-output>
          </reporter-output>
        </test-method> <!-- VerifyContactLinkTest -->
        <test-method is-config="true" signature="TearDown()[pri:0, instance:com.crm.qa.testcases.HomePageTest@3cc2931c]" started-at="2021-02-24T23:54:17 IST" name="TearDown" finished-at="2021-02-24T23:54:17 IST" duration-ms="221" status="PASS">
          <reporter-output>
          </reporter-output>
        </test-method> <!-- TearDown -->
      </class> <!-- com.crm.qa.testcases.HomePageTest -->
    </test> <!-- Default test -->
  </suite> <!-- Default suite -->
</testng-results>
