<?xml version="1.0" encoding="UTF-8"?>
<testng-results ignored="0" total="3" passed="3" failed="0" skipped="0">
  <reporter-output>
  </reporter-output>
  <suite started-at="2021-02-23T00:02:16 IST" name="Default suite" finished-at="2021-02-23T00:02:48 IST" duration-ms="31446">
    <groups>
    </groups>
    <test started-at="2021-02-23T00:02:16 IST" name="Default test" finished-at="2021-02-23T00:02:48 IST" duration-ms="31446">
      <class name="com.crm.qa.testcases.LoginPageTest">
        <test-method is-config="true" signature="setup()[pri:0, instance:com.crm.qa.testcases.LoginPageTest@3cc2931c]" started-at="2021-02-23T00:02:16 IST" name="setup" finished-at="2021-02-23T00:02:25 IST" duration-ms="9049" status="PASS">
          <reporter-output>
          </reporter-output>
        </test-method> <!-- setup -->
        <test-method signature="loginPageTitleTest()[pri:1, instance:com.crm.qa.testcases.LoginPageTest@3cc2931c]" started-at="2021-02-23T00:02:25 IST" name="loginPageTitleTest" finished-at="2021-02-23T00:02:25 IST" duration-ms="22" status="PASS">
          <reporter-output>
          </reporter-output>
        </test-method> <!-- loginPageTitleTest -->
        <test-method is-config="true" signature="tearDown()[pri:0, instance:com.crm.qa.testcases.LoginPageTest@3cc2931c]" started-at="2021-02-23T00:02:25 IST" name="tearDown" finished-at="2021-02-23T00:02:25 IST" duration-ms="73" status="PASS">
          <reporter-output>
          </reporter-output>
        </test-method> <!-- tearDown -->
        <test-method is-config="true" signature="setup()[pri:0, instance:com.crm.qa.testcases.LoginPageTest@3cc2931c]" started-at="2021-02-23T00:02:25 IST" name="setup" finished-at="2021-02-23T00:02:32 IST" duration-ms="6899" status="PASS">
          <reporter-output>
          </reporter-output>
        </test-method> <!-- setup -->
        <test-method signature="logoImageTest()[pri:2, instance:com.crm.qa.testcases.LoginPageTest@3cc2931c]" started-at="2021-02-23T00:02:32 IST" name="logoImageTest" finished-at="2021-02-23T00:02:32 IST" duration-ms="129" status="PASS">
          <reporter-output>
          </reporter-output>
        </test-method> <!-- logoImageTest -->
        <test-method is-config="true" signature="tearDown()[pri:0, instance:com.crm.qa.testcases.LoginPageTest@3cc2931c]" started-at="2021-02-23T00:02:32 IST" name="tearDown" finished-at="2021-02-23T00:02:32 IST" duration-ms="123" status="PASS">
          <reporter-output>
          </reporter-output>
        </test-method> <!-- tearDown -->
        <test-method is-config="true" signature="setup()[pri:0, instance:com.crm.qa.testcases.LoginPageTest@3cc2931c]" started-at="2021-02-23T00:02:32 IST" name="setup" finished-at="2021-02-23T00:02:40 IST" duration-ms="7058" status="PASS">
          <reporter-output>
          </reporter-output>
        </test-method> <!-- setup -->
        <test-method signature="loginTest()[pri:3, instance:com.crm.qa.testcases.LoginPageTest@3cc2931c]" started-at="2021-02-23T00:02:40 IST" name="loginTest" finished-at="2021-02-23T00:02:47 IST" duration-ms="7818" status="PASS">
          <reporter-output>
          </reporter-output>
        </test-method> <!-- loginTest -->
        <test-method is-config="true" signature="tearDown()[pri:0, instance:com.crm.qa.testcases.LoginPageTest@3cc2931c]" started-at="2021-02-23T00:02:47 IST" name="tearDown" finished-at="2021-02-23T00:02:48 IST" duration-ms="223" status="PASS">
          <reporter-output>
          </reporter-output>
        </test-method> <!-- tearDown -->
      </class> <!-- com.crm.qa.testcases.LoginPageTest -->
    </test> <!-- Default test -->
  </suite> <!-- Default suite -->
</testng-results>
